<?xml version="1.0" encoding="UTF-8"?>
<!-- Generated by org.testng.reporters.JUnitXMLReporter -->
<testsuite hostname="DESKTOP-9BO1O6A" name="Test" tests="3" failures="0" timestamp="1 Jan 2021 13:59:48 GMT" time="37.494" errors="0">
  <testcase name="roundTripTicketTest" time="11.73" classname="com.flightBooking.scripts.TicketBookingTest"/>
  <testcase name="selectAndBookFlight" time="8.992" classname="com.flightBooking.scripts.TicketBookingTest"/>
  <testcase name="ticketBookingVairification" time="5.674" classname="com.flightBooking.scripts.TicketBookingTest"/>
</testsuite> <!-- Test -->
