<?xml version="1.0" encoding="UTF-8"?>
<testsuite xmlns:xsi="http://www.w3.org/2001/XMLSchema-instance" xsi:noNamespaceSchemaLocation="https://maven.apache.org/surefire/maven-surefire-plugin/xsd/surefire-test-report-3.0.xsd" version="3.0" name="TestSuite" time="43.468" tests="2" errors="0" skipped="0" failures="0">
  <properties>
[...]
</properties>
  <testcase name="roundTripTicketTest" classname="com.flightBooking.scripts.TicketBookingTest" time="13.193">
    <system-out><![CDATA[Test start on Fri Jan 01 02:44:53 IST 2021
Chrome browser launched
Round trip is  Salected
]]></system-out>
    <system-err><![CDATA[Starting ChromeDriver 86.0.4240.22 (398b0743353ff36fb1b82468f63a3a93b4e2e89e-refs/branch-heads/4240@{#378}) on port 15013
Only local connections are allowed.
Please see https://chromedriver.chromium.org/security-considerations for suggestions on keeping ChromeDriver safe.
ChromeDriver was started successfully.
[1609449298.425][WARNING]: This version of ChromeDriver has not been tested with Chrome version 87.
Jan 01, 2021 2:45:01 AM org.openqa.selenium.remote.ProtocolHandshake createSession
INFO: Detected dialect: W3C
]]></system-err>
  </testcase>
  <testcase name="selectAndBookFlight" classname="com.flightBooking.scripts.TicketBookingTest" time="4.578"/>
</testsuite>