<?xml version="1.0" encoding="UTF-8"?>
<testng-results skipped="0" failed="0" total="2" passed="2">
  <reporter-output>
    <line>
      <![CDATA[Test start on Fri Jan 01 02:44:53 IST 2021]]>
    </line>
    <line>
      <![CDATA[Chrome browser launched]]>
    </line>
    <line>
      <![CDATA[Round trip is  Salected]]>
    </line>
    <line>
      <![CDATA[Executed ]]>
    </line>
  </reporter-output>
  <suite name="Suite" duration-ms="40980" started-at="2020-12-31T21:14:53Z" finished-at="2020-12-31T21:15:34Z">
    <groups>
    </groups>
    <test name="Test" duration-ms="40980" started-at="2020-12-31T21:14:53Z" finished-at="2020-12-31T21:15:34Z">
      <class name="com.flightBooking.scripts.TicketBookingTest">
        <test-method status="PASS" signature="preCondations(java.lang.String, java.lang.String)[pri:0, instance:com.flightBooking.scripts.TicketBookingTest@3c09711b]" name="preCondations" is-config="true" duration-ms="22991" started-at="2021-01-01T02:44:53Z" finished-at="2021-01-01T02:45:16Z">
          <params>
            <param index="0">
              <value>
                <![CDATA[chrome]]>
              </value>
            </param>
            <param index="1">
              <value>
                <![CDATA[https://www.cleartrip.com/]]>
              </value>
            </param>
          </params>
          <reporter-output>
            <line>
              <![CDATA[Chrome browser launched]]>
            </line>
          </reporter-output>
        </test-method> <!-- preCondations -->
        <test-method status="PASS" signature="roundTripTicketTest()[pri:0, instance:com.flightBooking.scripts.TicketBookingTest@3c09711b]" name="roundTripTicketTest" duration-ms="13236" started-at="2021-01-01T02:45:16Z" finished-at="2021-01-01T02:45:29Z">
          <reporter-output>
            <line>
              <![CDATA[Round trip is  Salected]]>
            </line>
          </reporter-output>
        </test-method> <!-- roundTripTicketTest -->
        <test-method status="PASS" signature="selectAndBookFlight()[pri:0, instance:com.flightBooking.scripts.TicketBookingTest@3c09711b]" name="selectAndBookFlight" duration-ms="4577" started-at="2021-01-01T02:45:29Z" depends-on-methods="com.flightBooking.scripts.TicketBookingTest.roundTripTicketTest" finished-at="2021-01-01T02:45:34Z">
          <reporter-output>
          </reporter-output>
        </test-method> <!-- selectAndBookFlight -->
        <test-method status="PASS" signature="postConations()[pri:0, instance:com.flightBooking.scripts.TicketBookingTest@3c09711b]" name="postConations" is-config="true" duration-ms="0" started-at="2021-01-01T02:45:34Z" finished-at="2021-01-01T02:45:34Z">
          <reporter-output>
            <line>
              <![CDATA[Executed ]]>
            </line>
          </reporter-output>
        </test-method> <!-- postConations -->
      </class> <!-- com.flightBooking.scripts.TicketBookingTest -->
    </test> <!-- Test -->
  </suite> <!-- Suite -->
</testng-results>
